mode: set
e-commerce/domains/cart/usecases/cart-usecase.go:12.46,16.2 1 1
e-commerce/domains/cart/usecases/cart-usecase.go:18.65,20.16 2 1
e-commerce/domains/cart/usecases/cart-usecase.go:24.2,24.27 1 1
e-commerce/domains/cart/usecases/cart-usecase.go:28.2,30.18 3 1
e-commerce/domains/cart/usecases/cart-usecase.go:20.16,22.3 1 1
e-commerce/domains/cart/usecases/cart-usecase.go:24.27,26.3 1 1
e-commerce/domains/cart/usecases/cart-usecase.go:33.66,36.2 2 1
e-commerce/domains/cart/usecases/cart-usecase.go:38.66,40.16 2 1
e-commerce/domains/cart/usecases/cart-usecase.go:44.2,44.12 1 1
e-commerce/domains/cart/usecases/cart-usecase.go:40.16,42.3 1 1
e-commerce/domains/cart/usecases/cart-usecase.go:47.95,50.16 2 1
e-commerce/domains/cart/usecases/cart-usecase.go:54.2,56.29 2 1
e-commerce/domains/cart/usecases/cart-usecase.go:60.2,60.29 1 1
e-commerce/domains/cart/usecases/cart-usecase.go:67.2,67.8 1 1
e-commerce/domains/cart/usecases/cart-usecase.go:50.16,52.3 1 1
e-commerce/domains/cart/usecases/cart-usecase.go:56.29,58.3 1 1
e-commerce/domains/cart/usecases/cart-usecase.go:60.29,65.3 3 1
